<?xml version="1.0" encoding="UTF-8"?>
<!-- Generated by org.testng.reporters.JUnitReportReporter -->
<testsuite hostname="LAPTOP-N9C49PUS" failures="0" tests="1" name="com.testautomation.apitesting.tests.PutAPIRequest" time="2.984" errors="0" timestamp="2024-05-22T00:36:09 CDT" skipped="0">
  <testcase classname="com.testautomation.apitesting.tests.PutAPIRequest" name="postAPIRequest" time="2.984"/>
</testsuite> <!-- com.testautomation.apitesting.tests.PutAPIRequest -->
