<?xml version="1.0" encoding="UTF-8"?>
<!-- Generated by org.testng.reporters.JUnitReportReporter -->
<testsuite hostname="LAPTOP-N9C49PUS" failures="0" tests="3" name="com.testautomation.apitesting.tests.DataDrivenTestingUsingCSVFile" time="2.592" errors="0" timestamp="2024-05-25T16:27:51 CDT" skipped="0">
  <testcase classname="com.testautomation.apitesting.tests.DataDrivenTestingUsingCSVFile" name="dataDrivenTesting" time="2.096"/>
  <testcase classname="com.testautomation.apitesting.tests.DataDrivenTestingUsingCSVFile" name="dataDrivenTesting" time="0.248"/>
  <testcase classname="com.testautomation.apitesting.tests.DataDrivenTestingUsingCSVFile" name="dataDrivenTesting" time="0.248"/>
</testsuite> <!-- com.testautomation.apitesting.tests.DataDrivenTestingUsingCSVFile -->
