<?xml version="1.0" encoding="UTF-8"?>
<!-- Generated by org.testng.reporters.JUnitReportReporter -->
<testsuite hostname="LAPTOP-N9C49PUS" failures="0" tests="1" name="com.testautomation.apitesting.pojos.PostAPIRequestUsingPojos" time="2.771" errors="0" timestamp="2024-05-21T23:40:54 CDT" skipped="0">
  <testcase classname="com.testautomation.apitesting.pojos.PostAPIRequestUsingPojos" name="postAPIRequest" time="2.771"/>
</testsuite> <!-- com.testautomation.apitesting.pojos.PostAPIRequestUsingPojos -->
