<?xml version="1.0" encoding="UTF-8"?>
<!-- Generated by org.testng.reporters.JUnitReportReporter -->
<testsuite hostname="LAPTOP-N9C49PUS" failures="0" tests="1" name="com.testautomation.apitesting.tests.EndToEndAPITests" time="10.373" errors="0" timestamp="2024-05-24T16:15:59 CDT" skipped="0">
  <testcase classname="com.testautomation.apitesting.tests.EndToEndAPITests" name="e2eAPITests" time="10.373"/>
</testsuite> <!-- com.testautomation.apitesting.tests.EndToEndAPITests -->
