<?xml version="1.0" encoding="UTF-8"?>
<!-- Generated by org.testng.reporters.JUnitReportReporter -->
<testsuite hostname="LAPTOP-N9C49PUS" failures="0" tests="1" name="com.testautomation.apitesting.tests.PostRequest" time="2.484" errors="0" timestamp="2024-05-21T22:27:27 CDT" skipped="0">
  <testcase classname="com.testautomation.apitesting.tests.PostRequest" name="createBooking" time="2.484"/>
</testsuite> <!-- com.testautomation.apitesting.tests.PostRequest -->
