<?xml version="1.0" encoding="UTF-8"?>
<!-- Generated by org.testng.reporters.JUnitReportReporter -->
<testsuite hostname="LAPTOP-N9C49PUS" failures="0" tests="1" name="com.testautomation.apitesting.tests.GetAllRequests" time="1.595" errors="0" timestamp="2024-05-21T00:32:51 CDT" skipped="0">
  <testcase classname="com.testautomation.apitesting.tests.GetAllRequests" name="getAllBookings" time="1.595"/>
</testsuite> <!-- com.testautomation.apitesting.tests.GetAllRequests -->
