<?xml version="1.0" encoding="UTF-8"?>
<!-- Generated by org.testng.reporters.JUnitReportReporter -->
<testsuite hostname="LAPTOP-N9C49PUS" failures="0" tests="1" name="com.testautomation.apitesting.tests.PostAPIRequestUsingFile" time="2.999" errors="0" timestamp="2024-05-21T18:16:45 CDT" skipped="0">
  <testcase classname="com.testautomation.apitesting.tests.PostAPIRequestUsingFile" name="postAPIRequest" time="2.999"/>
</testsuite> <!-- com.testautomation.apitesting.tests.PostAPIRequestUsingFile -->
