<?xml version="1.0" encoding="UTF-8"?>
<!-- Generated by org.testng.reporters.JUnitReportReporter -->
<testsuite hostname="LAPTOP-N9C49PUS" failures="0" tests="3" name="com.testautomation.apitesting.tests.DataDrivenTestingUsingJsonFile" time="4.462" errors="0" timestamp="2024-05-25T02:22:42 CDT" skipped="0">
  <testcase classname="com.testautomation.apitesting.tests.DataDrivenTestingUsingJsonFile" name="dataDrivenTestingUsingJson" time="0.578"/>
  <testcase classname="com.testautomation.apitesting.tests.DataDrivenTestingUsingJsonFile" name="dataDrivenTestingUsingJson" time="3.159"/>
  <testcase classname="com.testautomation.apitesting.tests.DataDrivenTestingUsingJsonFile" name="dataDrivenTestingUsingJson" time="0.725"/>
</testsuite> <!-- com.testautomation.apitesting.tests.DataDrivenTestingUsingJsonFile -->
